2018-12-20 12:12:52 [scrapy.utils.log] INFO: Scrapy 1.5.1 started (bot: Spider)
2018-12-20 12:12:52 [scrapy.utils.log] INFO: Versions: lxml 4.2.5.0, libxml2 2.9.5, cssselect 1.0.3, parsel 1.5.1, w3lib 1.19.0, Twisted 18.9.0, Python 3.7.1 (v3.7.1:260ec2c36a, Oct 20 2018, 14:57:15) [MSC v.1915 64 bit (AMD64)], pyOpenSSL 18.0.0 (OpenSSL 1.1.0j  20 Nov 2018), cryptography 2.4.2, Platform Windows-10-10.0.17763-SP0
2018-12-20 12:12:52 [scrapy.crawler] INFO: Overridden settings: {'BOT_NAME': 'Spider', 'LOG_FILE': '2018-12-20_12-12-51.log', 'NEWSPIDER_MODULE': 'Spider.spiders', 'SPIDER_MODULES': ['Spider.spiders'], 'USER_AGENT': 'Mozilla/5.0 (Windows NT 10.0; WOW64) AppleWebKit/537.36 (KHTML, like Gecko) Chrome/63.0.3239.26 Safari/537.36 Core/1.63.6788.400 QQBrowser/10.3.2864.400'}
2018-12-20 12:12:52 [scrapy.middleware] INFO: Enabled extensions:
['scrapy.extensions.corestats.CoreStats',
 'scrapy.extensions.telnet.TelnetConsole',
 'scrapy.extensions.logstats.LogStats']
2018-12-20 12:12:52 [scrapy.middleware] INFO: Enabled downloader middlewares:
['scrapy.downloadermiddlewares.httpauth.HttpAuthMiddleware',
 'scrapy.downloadermiddlewares.downloadtimeout.DownloadTimeoutMiddleware',
 'scrapy.downloadermiddlewares.defaultheaders.DefaultHeadersMiddleware',
 'scrapy.downloadermiddlewares.useragent.UserAgentMiddleware',
 'Spider.middlewares.SpiderRandomProxyMiddleware',
 'scrapy.downloadermiddlewares.retry.RetryMiddleware',
 'scrapy.downloadermiddlewares.redirect.MetaRefreshMiddleware',
 'scrapy.downloadermiddlewares.httpcompression.HttpCompressionMiddleware',
 'scrapy.downloadermiddlewares.redirect.RedirectMiddleware',
 'scrapy.downloadermiddlewares.cookies.CookiesMiddleware',
 'scrapy.downloadermiddlewares.httpproxy.HttpProxyMiddleware',
 'scrapy.downloadermiddlewares.stats.DownloaderStats']
2018-12-20 12:12:52 [scrapy.middleware] INFO: Enabled spider middlewares:
['Spider.middlewares.SpiderRandomUserAgentMiddleware',
 'scrapy.spidermiddlewares.httperror.HttpErrorMiddleware',
 'scrapy.spidermiddlewares.offsite.OffsiteMiddleware',
 'scrapy.spidermiddlewares.referer.RefererMiddleware',
 'scrapy.spidermiddlewares.urllength.UrlLengthMiddleware',
 'scrapy.spidermiddlewares.depth.DepthMiddleware']
2018-12-20 12:12:52 [scrapy.middleware] INFO: Enabled item pipelines:
['Spider.pipelines.MysqlTwistedPipeline']
2018-12-20 12:12:52 [scrapy.core.engine] INFO: Spider opened
2018-12-20 12:12:53 [scrapy.extensions.logstats] INFO: Crawled 0 pages (at 0 pages/min), scraped 0 items (at 0 items/min)
2018-12-20 12:12:53 [scrapy.extensions.telnet] DEBUG: Telnet console listening on 127.0.0.1:6023
2018-12-20 12:12:53 [urllib3.connectionpool] DEBUG: Starting new HTTP connection (1): www.baidu.com:80
2018-12-20 12:12:53 [urllib3.connectionpool] DEBUG: http://www.baidu.com:80 "GET / HTTP/1.1" 200 None
2018-12-20 12:13:14 [scrapy.downloadermiddlewares.retry] DEBUG: Retrying <GET http://www.xicidaili.com/nn/1> (failed 1 times): TCP connection timed out: 10060: 由于连接方在一段时间后没有正确答复或连接的主机没有反应，连接尝试失败。.
2018-12-20 12:13:14 [urllib3.connectionpool] DEBUG: Starting new HTTP connection (1): www.baidu.com:80
2018-12-20 12:13:14 [urllib3.connectionpool] DEBUG: http://www.baidu.com:80 "GET / HTTP/1.1" 200 None
2018-12-20 12:13:35 [scrapy.downloadermiddlewares.retry] DEBUG: Retrying <GET http://www.xicidaili.com/nn/1> (failed 2 times): TCP connection timed out: 10060: 由于连接方在一段时间后没有正确答复或连接的主机没有反应，连接尝试失败。.
2018-12-20 12:13:35 [urllib3.connectionpool] DEBUG: Starting new HTTP connection (1): www.baidu.com:80
2018-12-20 12:13:35 [urllib3.connectionpool] DEBUG: http://www.baidu.com:80 "GET / HTTP/1.1" 200 None
2018-12-20 12:13:53 [scrapy.extensions.logstats] INFO: Crawled 0 pages (at 0 pages/min), scraped 0 items (at 0 items/min)
2018-12-20 12:13:56 [scrapy.downloadermiddlewares.retry] DEBUG: Gave up retrying <GET http://www.xicidaili.com/nn/1> (failed 3 times): TCP connection timed out: 10060: 由于连接方在一段时间后没有正确答复或连接的主机没有反应，连接尝试失败。.
2018-12-20 12:13:56 [scrapy.core.scraper] ERROR: Error downloading <GET http://www.xicidaili.com/nn/1>
Traceback (most recent call last):
  File "D:\Workspace\DeveloperTools\Python\virtualEnv\spider\lib\site-packages\scrapy\core\downloader\middleware.py", line 43, in process_request
    defer.returnValue((yield download_func(request=request,spider=spider)))
twisted.internet.error.TCPTimedOutError: TCP connection timed out: 10060: 由于连接方在一段时间后没有正确答复或连接的主机没有反应，连接尝试失败。.
2018-12-20 12:13:56 [scrapy.core.engine] INFO: Closing spider (finished)
2018-12-20 12:13:56 [scrapy.statscollectors] INFO: Dumping Scrapy stats:
{'downloader/exception_count': 3,
 'downloader/exception_type_count/twisted.internet.error.TCPTimedOutError': 3,
 'downloader/request_bytes': 1014,
 'downloader/request_count': 3,
 'downloader/request_method_count/GET': 3,
 'finish_reason': 'finished',
 'finish_time': datetime.datetime(2018, 12, 20, 4, 13, 56, 503510),
 'log_count/DEBUG': 10,
 'log_count/ERROR': 1,
 'log_count/INFO': 8,
 'retry/count': 2,
 'retry/max_reached': 1,
 'retry/reason_count/twisted.internet.error.TCPTimedOutError': 2,
 'scheduler/dequeued': 3,
 'scheduler/dequeued/memory': 3,
 'scheduler/enqueued': 3,
 'scheduler/enqueued/memory': 3,
 'start_time': datetime.datetime(2018, 12, 20, 4, 12, 53, 43217)}
2018-12-20 12:13:56 [scrapy.core.engine] INFO: Spider closed (finished)
